<?xml version="1.0" encoding="UTF-8"?>
<!-- Generated by org.testng.reporters.JUnitXMLReporter -->
<testsuite ignored="0" hostname="LAPTOP-AL92JHEI" failures="0" tests="3" name="Default test" time="0.074" errors="0" timestamp="2023-09-27T11:06:16 IST">
  <testcase classname="com.CRM.VTiger.Practice.DataProviderPractice" name="Create" time="0.013"/>
  <testcase classname="com.CRM.VTiger.Practice.DataProviderPractice" name="Create" time="0.002"/>
  <testcase classname="com.CRM.VTiger.Practice.DataProviderPractice" name="Create" time="0.003"/>
</testsuite> <!-- Default test -->
